        -:    0:Source:commission.cpp
        -:    0:Graph:commissionpath.gcno
        -:    0:Data:commissionpath.gcda
        -:    0:Runs:1
        -:    0:Programs:1
        -:    1:#include <iostream>
        -:    2:#define TERMINAL -1
        -:    3:using namespace std;
        4:    4:double commission(int lock,int stock,int barrel){
        -:    5:	double sales;
        4:    6:	if (lock==-1 || lock>70 || stock >80 || barrel>90){
        1:    7:		return TERMINAL;
        -:    8:	}
        3:    9:	sales=(lock*45+stock*30+barrel*25);
        3:   10:	if (sales<=1000){
        1:   11:		return( sales*0.1);
        -:   12:	}
        2:   13:	else if(sales>1000 && sales<=1800){
        1:   14:		return(1000*0.1+(sales-1000)*0.15);
        -:   15:	}
        1:   16:	else if (sales>1800){
        1:   17:		return(1000*0.1+800*0.15+(sales-1800)*0.2);
        -:   18:	}
    #####:   19:}
        -:   20:
        -:   21:/*int main(){
        -:   22:	int lock,stock,barrel;
        -:   23:	cout<<"input lock,stock,barrel for commission"<<endl;
        -:   24:	cin >> lock;
        -:   25:	cin >> stock;
        -:   26:	cin >> barrel;
        -:   27:	cout<< commission(lock,stock,barrel)<<endl;
        -:   28:}*/
