        -:    0:Source:Nextday.cpp
        -:    0:Graph:Nextdaypath.gcno
        -:    0:Data:Nextdaypath.gcda
        -:    0:Runs:1
        -:    0:Programs:1
        -:    1:#include <iostream>
        -:    2:#define INVALID -1
        -:    3:
        -:    4:using namespace std;
        -:    5:
       13:    6:int Nextday(int year,int month,int day){
       13:    7:	bool leap =false;
       13:    8:	bool bigmonth=true;
       13:    9:	if ((year<1812)||(year>2012)||(month<1)||(month>12||(day<1)||(day>31))){
        2:   10:		return INVALID;
        -:   11:	}
       11:   12:	else if((year%4)==0&&((year%100)!=0||(year%400)==0)){
        8:   13:		leap=true;
        -:   14:	}
       11:   15:	if(!leap && month==2 && day>28){
        1:   16:		return INVALID;
        -:   17:	}
       10:   18:	if ((month<7 && month%2==0)||(month>=8 &&month%2==1)){
        5:   19:		bigmonth=false;
        -:   20:	}
        -:   21:	else{
        5:   22:		bigmonth=true;
        -:   23:	}
       10:   24:	day+=1;
       10:   25:	if(month!=2 && bigmonth){
       10:   26:		if(day==32){
        3:   27:			day=1;
        3:   28:			month+=1;
        -:   29:		}
        -:   30:	}
        5:   31:	else if (month!=2 && !bigmonth){
        2:   32:		if(day==31){
        1:   33:			day=1;
        1:   34:			month+=1;
        -:   35:		}
        -:   36:	}
        4:   37:	else if (month==2&&(( leap&&(day==30)) ||(!leap&&(day==29)))){
        4:   38:		day=1;
        4:   39:		month+=1;
        -:   40:	}
       10:   41:	if (month==13){
        1:   42:		month=1;
        1:   43:		year+=1;
        -:   44:	}
       10:   45:	return year*10000+month*100+day;
        -:   46:}
        -:   47:
        -:   48:/*int main(){
        -:   49:	int year,month,day;
        -:   50:	cout<<"input year,month,day for Nexyday"<<endl;
        -:   51:	cin >> year;
        -:   52:	cin >> month;
        -:   53:	cin >> day;
        -:   54:	cout<<Nextday(year,month,day)<<endl;
        -:   55:}*/
