        -:    0:Source:Nextdaypath.cpp
        -:    0:Graph:Nextdaypath.gcno
        -:    0:Data:Nextdaypath.gcda
        -:    0:Runs:1
        -:    0:Programs:1
        -:    1:#include "Nextday.cpp"
        -:    2:#include <gtest/gtest.h>
        5:    3:TEST(Nextdaytest,c0){
        1:    4:        EXPECT_EQ(-1,Nextday(1811,1,1));
        1:    5:        EXPECT_EQ(20000102,Nextday(2000,1,1));
        1:    6:        EXPECT_EQ(19990301,Nextday(1999,2,28));
        1:    7:        EXPECT_EQ(20000301,Nextday(2000,2,29));
        1:    8:	EXPECT_EQ(20000401,Nextday(2000,3,31));
        1:    9:}
        5:   10:TEST(Nextdaytest,c1andMCDC){
        1:   11:        EXPECT_EQ(-1,Nextday(1811,1,1));
        1:   12:	EXPECT_EQ(-1,Nextday(1991,2,29));
        1:   13:        EXPECT_EQ(20000102,Nextday(2000,1,1));
        1:   14:        EXPECT_EQ(19990301,Nextday(1999,2,28));
        1:   15:        EXPECT_EQ(20000301,Nextday(2000,2,29));
        1:   16:        EXPECT_EQ(20000401,Nextday(2000,3,31));
        1:   17:        EXPECT_EQ(20000501,Nextday(2000,4,30));
        1:   18:	EXPECT_EQ(20010101,Nextday(2000,12,31));
        1:   19:}
        -:   20:
        1:   21:int main(int argc, char** argv) {
        1:   22:        testing::InitGoogleTest(&argc, argv);
        1:   23:        return RUN_ALL_TESTS();
        3:   24:}
